2026-04-05 22:59:26,543 | INFO | ▸ Load SBERT model ...
2026-04-05 22:59:26,545 | INFO | Load pretrained SentenceTransformer: all-mpnet-base-v2
2026-04-05 22:59:26,694 | INFO | HTTP Request: HEAD https://huggingface.co/sentence-transformers/all-mpnet-base-v2/resolve/main/modules.json "HTTP/1.1 307 Temporary Redirect"
2026-04-05 22:59:26,709 | INFO | HTTP Request: HEAD https://huggingface.co/api/resolve-cache/models/sentence-transformers/all-mpnet-base-v2/e8c3b32edf5434bc2275fc9bab85f82640a19130/modules.json "HTTP/1.1 200 OK"
2026-04-05 22:59:26,813 | INFO | HTTP Request: HEAD https://huggingface.co/sentence-transformers/all-mpnet-base-v2/resolve/main/config_sentence_transformers.json "HTTP/1.1 307 Temporary Redirect"
2026-04-05 22:59:26,827 | INFO | HTTP Request: HEAD https://huggingface.co/api/resolve-cache/models/sentence-transformers/all-mpnet-base-v2/e8c3b32edf5434bc2275fc9bab85f82640a19130/config_sentence_transformers.json "HTTP/1.1 200 OK"
2026-04-05 22:59:26,956 | INFO | HTTP Request: HEAD https://huggingface.co/sentence-transformers/all-mpnet-base-v2/resolve/main/config_sentence_transformers.json "HTTP/1.1 307 Temporary Redirect"
2026-04-05 22:59:26,970 | INFO | HTTP Request: HEAD https://huggingface.co/api/resolve-cache/models/sentence-transformers/all-mpnet-base-v2/e8c3b32edf5434bc2275fc9bab85f82640a19130/config_sentence_transformers.json "HTTP/1.1 200 OK"
2026-04-05 22:59:27,076 | INFO | HTTP Request: HEAD https://huggingface.co/sentence-transformers/all-mpnet-base-v2/resolve/main/README.md "HTTP/1.1 307 Temporary Redirect"
2026-04-05 22:59:27,090 | INFO | HTTP Request: HEAD https://huggingface.co/api/resolve-cache/models/sentence-transformers/all-mpnet-base-v2/e8c3b32edf5434bc2275fc9bab85f82640a19130/README.md "HTTP/1.1 200 OK"
2026-04-05 22:59:27,194 | INFO | HTTP Request: HEAD https://huggingface.co/sentence-transformers/all-mpnet-base-v2/resolve/main/modules.json "HTTP/1.1 307 Temporary Redirect"
2026-04-05 22:59:27,208 | INFO | HTTP Request: HEAD https://huggingface.co/api/resolve-cache/models/sentence-transformers/all-mpnet-base-v2/e8c3b32edf5434bc2275fc9bab85f82640a19130/modules.json "HTTP/1.1 200 OK"
2026-04-05 22:59:27,316 | INFO | HTTP Request: HEAD https://huggingface.co/sentence-transformers/all-mpnet-base-v2/resolve/main/sentence_bert_config.json "HTTP/1.1 307 Temporary Redirect"
2026-04-05 22:59:27,330 | INFO | HTTP Request: HEAD https://huggingface.co/api/resolve-cache/models/sentence-transformers/all-mpnet-base-v2/e8c3b32edf5434bc2275fc9bab85f82640a19130/sentence_bert_config.json "HTTP/1.1 200 OK"
2026-04-05 22:59:27,442 | INFO | HTTP Request: HEAD https://huggingface.co/sentence-transformers/all-mpnet-base-v2/resolve/main/adapter_config.json "HTTP/1.1 404 Not Found"
2026-04-05 22:59:27,547 | INFO | HTTP Request: HEAD https://huggingface.co/sentence-transformers/all-mpnet-base-v2/resolve/main/config.json "HTTP/1.1 307 Temporary Redirect"
2026-04-05 22:59:27,560 | INFO | HTTP Request: HEAD https://huggingface.co/api/resolve-cache/models/sentence-transformers/all-mpnet-base-v2/e8c3b32edf5434bc2275fc9bab85f82640a19130/config.json "HTTP/1.1 200 OK"
2026-04-05 22:59:27,682 | INFO | HTTP Request: HEAD https://huggingface.co/sentence-transformers/all-mpnet-base-v2/resolve/main/config.json "HTTP/1.1 307 Temporary Redirect"
2026-04-05 22:59:27,696 | INFO | HTTP Request: HEAD https://huggingface.co/api/resolve-cache/models/sentence-transformers/all-mpnet-base-v2/e8c3b32edf5434bc2275fc9bab85f82640a19130/config.json "HTTP/1.1 200 OK"
2026-04-05 22:59:27,924 | INFO | HTTP Request: HEAD https://huggingface.co/sentence-transformers/all-mpnet-base-v2/resolve/main/config.json "HTTP/1.1 307 Temporary Redirect"
2026-04-05 22:59:27,938 | INFO | HTTP Request: HEAD https://huggingface.co/api/resolve-cache/models/sentence-transformers/all-mpnet-base-v2/e8c3b32edf5434bc2275fc9bab85f82640a19130/config.json "HTTP/1.1 200 OK"
2026-04-05 22:59:28,048 | INFO | HTTP Request: HEAD https://huggingface.co/sentence-transformers/all-mpnet-base-v2/resolve/main/tokenizer_config.json "HTTP/1.1 307 Temporary Redirect"
2026-04-05 22:59:28,062 | INFO | HTTP Request: HEAD https://huggingface.co/api/resolve-cache/models/sentence-transformers/all-mpnet-base-v2/e8c3b32edf5434bc2275fc9bab85f82640a19130/tokenizer_config.json "HTTP/1.1 200 OK"
2026-04-05 22:59:28,170 | INFO | HTTP Request: GET https://huggingface.co/api/models/sentence-transformers/all-mpnet-base-v2/tree/main/additional_chat_templates?recursive=false&expand=false "HTTP/1.1 404 Not Found"
2026-04-05 22:59:28,277 | INFO | HTTP Request: GET https://huggingface.co/api/models/sentence-transformers/all-mpnet-base-v2/tree/main?recursive=true&expand=false "HTTP/1.1 200 OK"
2026-04-05 22:59:28,432 | INFO | HTTP Request: HEAD https://huggingface.co/sentence-transformers/all-mpnet-base-v2/resolve/main/1_Pooling/config.json "HTTP/1.1 307 Temporary Redirect"
2026-04-05 22:59:28,447 | INFO | HTTP Request: HEAD https://huggingface.co/api/resolve-cache/models/sentence-transformers/all-mpnet-base-v2/e8c3b32edf5434bc2275fc9bab85f82640a19130/1_Pooling%2Fconfig.json "HTTP/1.1 200 OK"
2026-04-05 22:59:28,560 | INFO | HTTP Request: GET https://huggingface.co/api/models/sentence-transformers/all-mpnet-base-v2 "HTTP/1.1 200 OK"
2026-04-05 22:59:28,927 | INFO |   ✓ Load SBERT model (2.4s, mem=0.99 GB)
2026-04-05 22:59:28,927 | INFO | ▸ Load data ...
2026-04-05 22:59:29,045 | INFO | Reusing enriched RDS: /home/user1/Abhishek_space/LinkRank/dataset/pytorch_pytorch_1000-issues-1-20_rds_enriched.csv
2026-04-05 22:59:43,262 | INFO |   ✓ Load data (14.3s, mem=3.81 GB)
2026-04-05 22:59:43,262 | INFO | ▸ Load split ...
2026-04-05 22:59:43,262 | INFO | Split: train=243, test=62
2026-04-05 22:59:43,263 | INFO |   ✓ Load split (0.0s, mem=3.81 GB)
2026-04-05 22:59:43,263 | INFO | ▸ Precompute metadata ...
2026-04-05 22:59:45,144 | INFO |   ✓ Precompute metadata (1.9s, mem=3.80 GB)
2026-04-05 22:59:45,144 | INFO | ▸ Compute ALL 22 features (once) ...
2026-04-05 22:59:48,510 | INFO | Train issues=243, rows=143,421
2026-04-05 22:59:48,510 | INFO | Test  issues=62, rows=33,422
2026-04-05 22:59:53,578 | INFO | ▸ SBERT encode [issue_full] (306 texts) ...
2026-04-05 22:59:56,524 | INFO |   ✓ SBERT encode [issue_full] (306 texts) (2.9s, mem=7.01 GB)
2026-04-05 22:59:56,530 | INFO | ▸ SBERT encode [issue_nl] (306 texts) ...
2026-04-05 22:59:59,274 | INFO |   ✓ SBERT encode [issue_nl] (306 texts) (2.7s, mem=6.83 GB)
2026-04-05 22:59:59,274 | INFO | ▸ SBERT encode [issue_title] (306 texts) ...
2026-04-05 22:59:59,556 | INFO |   ✓ SBERT encode [issue_title] (306 texts) (0.3s, mem=6.84 GB)
2026-04-05 22:59:59,556 | INFO | ▸ SBERT encode [commit_full] (771 texts) ...
2026-04-05 23:00:06,498 | INFO |   ✓ SBERT encode [commit_full] (771 texts) (6.9s, mem=6.86 GB)
2026-04-05 23:00:06,498 | INFO | ▸ SBERT encode [commit_msg] (771 texts) ...
2026-04-05 23:00:07,547 | INFO |   ✓ SBERT encode [commit_msg] (771 texts) (1.0s, mem=6.93 GB)
2026-04-05 23:00:07,548 | INFO | ▸ SBERT encode [commit_gemma] (771 texts) ...
2026-04-05 23:00:09,305 | INFO |   ✓ SBERT encode [commit_gemma] (771 texts) (1.8s, mem=6.93 GB)
2026-04-05 23:00:09,305 | INFO | ▸ Build BM25 indices ...
2026-04-05 23:00:55,627 | INFO |   ✓ Build BM25 indices (46.3s, mem=7.30 GB)
2026-04-05 23:01:03,836 | INFO | ▸ TF-IDF+SVD [full] (dim=128) ...
2026-04-05 23:01:08,600 | INFO |   ✓ TF-IDF+SVD [full] (dim=128) (4.8s, mem=7.53 GB)
2026-04-05 23:01:08,600 | INFO | ▸ TF-IDF+SVD [code] (dim=80) ...
2026-04-05 23:01:12,036 | INFO |   ✓ TF-IDF+SVD [code] (dim=80) (3.4s, mem=7.60 GB)
2026-04-05 23:01:12,036 | INFO | ▸ TF-IDF+SVD [nl] (dim=80) ...
2026-04-05 23:01:12,302 | INFO |   ✓ TF-IDF+SVD [nl] (dim=80) (0.3s, mem=7.60 GB)
2026-04-05 23:01:12,302 | INFO | ▸ TF-IDF+SVD [title] (dim=64) ...
2026-04-05 23:01:12,402 | INFO |   ✓ TF-IDF+SVD [title] (dim=64) (0.1s, mem=7.60 GB)
2026-04-05 23:01:12,402 | INFO | ▸ TF-IDF+SVD [gemma] (dim=100) ...
2026-04-05 23:01:12,820 | INFO |   ✓ TF-IDF+SVD [gemma] (dim=100) (0.4s, mem=7.60 GB)
2026-04-05 23:01:12,820 | INFO | ▸ Transform test SVD ...
2026-04-05 23:01:17,536 | INFO |   ✓ Transform test SVD (4.7s, mem=7.63 GB)
2026-04-05 23:01:17,538 | INFO | ▸ Build features: TRAIN ...
2026-04-05 23:01:39,957 | INFO |   ✓ Build features: TRAIN (22.4s, mem=7.92 GB)
2026-04-05 23:01:39,957 | INFO | ▸ Build features: TEST ...
2026-04-05 23:01:45,404 | INFO |   ✓ Build features: TEST (5.4s, mem=7.92 GB)
2026-04-05 23:01:45,556 | INFO |   ✓ Compute ALL 22 features (once) (120.4s, mem=5.10 GB)
2026-04-05 23:01:45,556 | INFO | 
Train features shape: (143421, 25)
2026-04-05 23:01:45,557 | INFO | Test features shape:  (33422, 25)
2026-04-05 23:01:45,557 | INFO | 
============================================================
2026-04-05 23:01:45,557 | INFO |   ABLATION: 01_SBERT_only (6 features)
2026-04-05 23:01:45,557 | INFO |   Features: ['sbert_full', 'sbert_nl', 'sbert_title', 'sbert_gemma_full', 'sbert_gemma_nl', 'sbert_gemma_title']
2026-04-05 23:01:45,557 | INFO | ============================================================
2026-04-05 23:01:45,607 | INFO | Train groups=195, Dev=48, Test=62
2026-04-05 23:01:45,607 | INFO | ▸ [01_SBERT_only] Optuna tuning ...
2026-04-05 23:02:22,898 | INFO | Best NDCG@1=0.7292
2026-04-05 23:02:22,898 | INFO |   ✓ [01_SBERT_only] Optuna tuning (37.3s, mem=5.12 GB)
2026-04-05 23:02:22,898 | INFO | ▸ [01_SBERT_only] Train LambdaMART ...
2026-04-05 23:02:25,281 | INFO | Best iteration: 56
2026-04-05 23:02:25,282 | INFO | Feature importance:
2026-04-05 23:02:25,282 | INFO |   sbert_full: 21424.96
2026-04-05 23:02:25,282 | INFO |   sbert_gemma_full: 9767.81
2026-04-05 23:02:25,282 | INFO |   sbert_gemma_nl: 4090.02
2026-04-05 23:02:25,282 | INFO |   sbert_title: 2621.45
2026-04-05 23:02:25,282 | INFO |   sbert_gemma_title: 2492.26
2026-04-05 23:02:25,282 | INFO |   sbert_nl: 904.47
2026-04-05 23:02:25,283 | INFO |   ✓ [01_SBERT_only] Train LambdaMART (2.4s, mem=5.12 GB)
2026-04-05 23:02:41,327 | INFO |   Known-K: P=44.69, R=44.69, F1=44.69
2026-04-05 23:02:41,327 | INFO |   ABS-mm:  P=51.81, R=41.42, F1=41.15
2026-04-05 23:02:41,327 | INFO |   REL:     P=49.4, R=45.46, F1=41.05
2026-04-05 23:02:41,333 | INFO | 
============================================================
2026-04-05 23:02:41,334 | INFO |   ABLATION: 02_SVD_only (5 features)
2026-04-05 23:02:41,334 | INFO |   Features: ['svd_full', 'svd_code', 'svd_nl', 'svd_title', 'svd_gemma']
2026-04-05 23:02:41,334 | INFO | ============================================================
2026-04-05 23:02:41,410 | INFO | Train groups=195, Dev=48, Test=62
2026-04-05 23:02:41,410 | INFO | ▸ [02_SVD_only] Optuna tuning ...
2026-04-05 23:03:15,713 | INFO | Best NDCG@1=0.5625
2026-04-05 23:03:15,713 | INFO |   ✓ [02_SVD_only] Optuna tuning (34.3s, mem=5.12 GB)
2026-04-05 23:03:15,713 | INFO | ▸ [02_SVD_only] Train LambdaMART ...
2026-04-05 23:03:17,848 | INFO | Best iteration: 2
2026-04-05 23:03:17,848 | INFO | Feature importance:
2026-04-05 23:03:17,848 | INFO |   svd_full: 2371.20
2026-04-05 23:03:17,849 | INFO |   svd_gemma: 561.80
2026-04-05 23:03:17,849 | INFO |   svd_nl: 66.55
2026-04-05 23:03:17,849 | INFO |   svd_code: 52.33
2026-04-05 23:03:17,849 | INFO |   svd_title: 15.19
2026-04-05 23:03:17,849 | INFO |   ✓ [02_SVD_only] Train LambdaMART (2.1s, mem=5.12 GB)
2026-04-05 23:03:20,098 | INFO |   Known-K: P=25.99, R=25.99, F1=25.99
2026-04-05 23:03:20,098 | INFO |   ABS-mm:  P=20.0, R=46.54, F1=24.11
2026-04-05 23:03:20,098 | INFO |   REL:     P=23.49, R=37.88, F1=25.26
2026-04-05 23:03:20,102 | INFO | 
============================================================
2026-04-05 23:03:20,103 | INFO |   ABLATION: 03_BM25_only (5 features)
2026-04-05 23:03:20,103 | INFO |   Features: ['bm25_full', 'bm25_code', 'bm25_nl', 'bm25_title', 'bm25_gemma']
2026-04-05 23:03:20,103 | INFO | ============================================================
2026-04-05 23:03:20,154 | INFO | Train groups=195, Dev=48, Test=62
2026-04-05 23:03:20,154 | INFO | ▸ [03_BM25_only] Optuna tuning ...
2026-04-05 23:04:06,310 | INFO | Best NDCG@1=0.5625
2026-04-05 23:04:06,310 | INFO |   ✓ [03_BM25_only] Optuna tuning (46.2s, mem=5.12 GB)
2026-04-05 23:04:06,311 | INFO | ▸ [03_BM25_only] Train LambdaMART ...
2026-04-05 23:04:08,380 | INFO | Best iteration: 34
2026-04-05 23:04:08,380 | INFO | Feature importance:
2026-04-05 23:04:08,380 | INFO |   bm25_title: 3479.74
2026-04-05 23:04:08,380 | INFO |   bm25_gemma: 1718.00
2026-04-05 23:04:08,380 | INFO |   bm25_full: 1041.52
2026-04-05 23:04:08,380 | INFO |   bm25_nl: 868.19
2026-04-05 23:04:08,380 | INFO |   bm25_code: 426.39
2026-04-05 23:04:08,380 | INFO |   ✓ [03_BM25_only] Train LambdaMART (2.1s, mem=5.12 GB)
2026-04-05 23:04:10,721 | INFO |   Known-K: P=37.85, R=37.85, F1=37.85
2026-04-05 23:04:10,721 | INFO |   ABS-mm:  P=42.28, R=42.19, F1=35.94
2026-04-05 23:04:10,721 | INFO |   REL:     P=37.47, R=44.32, F1=33.52
2026-04-05 23:04:10,726 | INFO | 
============================================================
2026-04-05 23:04:10,726 | INFO |   ABLATION: 04_Meta_only (6 features)
2026-04-05 23:04:10,726 | INFO |   Features: ['feat_time', 'feat_time_dir', 'feat_file_bn_jaccard', 'feat_diff_size', 'feat_nfiles', 'feat_desc_len']
2026-04-05 23:04:10,726 | INFO | ============================================================
2026-04-05 23:04:10,773 | INFO | Train groups=195, Dev=48, Test=62
2026-04-05 23:04:10,773 | INFO | ▸ [04_Meta_only] Optuna tuning ...
2026-04-05 23:04:41,781 | INFO | Best NDCG@1=0.3958
2026-04-05 23:04:41,782 | INFO |   ✓ [04_Meta_only] Optuna tuning (31.0s, mem=5.12 GB)
2026-04-05 23:04:41,782 | INFO | ▸ [04_Meta_only] Train LambdaMART ...
2026-04-05 23:04:43,266 | INFO | Best iteration: 11
2026-04-05 23:04:43,267 | INFO | Feature importance:
2026-04-05 23:04:43,267 | INFO |   feat_time_dir: 3766.79
2026-04-05 23:04:43,267 | INFO |   feat_time: 3129.17
2026-04-05 23:04:43,267 | INFO |   feat_file_bn_jaccard: 393.72
2026-04-05 23:04:43,267 | INFO |   feat_desc_len: 77.24
2026-04-05 23:04:43,267 | INFO |   feat_nfiles: 22.20
2026-04-05 23:04:43,267 | INFO |   feat_diff_size: 0.00
2026-04-05 23:04:43,267 | INFO |   ✓ [04_Meta_only] Train LambdaMART (1.5s, mem=5.12 GB)
2026-04-05 23:04:45,450 | INFO |   Known-K: P=38.73, R=38.73, F1=38.73
2026-04-05 23:04:45,450 | INFO |   ABS-mm:  P=37.18, R=45.08, F1=37.35
2026-04-05 23:04:45,450 | INFO |   REL:     P=35.85, R=45.31, F1=36.32
2026-04-05 23:04:45,454 | INFO | 
============================================================
2026-04-05 23:04:45,454 | INFO |   ABLATION: 05_SBERT+Meta (12 features)
2026-04-05 23:04:45,454 | INFO |   Features: ['sbert_full', 'sbert_nl', 'sbert_title', 'sbert_gemma_full', 'sbert_gemma_nl', 'sbert_gemma_title', 'feat_time', 'feat_time_dir', 'feat_file_bn_jaccard', 'feat_diff_size', 'feat_nfiles', 'feat_desc_len']
2026-04-05 23:04:45,454 | INFO | ============================================================
2026-04-05 23:04:45,506 | INFO | Train groups=195, Dev=48, Test=62
2026-04-05 23:04:45,507 | INFO | ▸ [05_SBERT+Meta] Optuna tuning ...
2026-04-05 23:05:23,807 | INFO | Best NDCG@1=0.8750
2026-04-05 23:05:23,808 | INFO |   ✓ [05_SBERT+Meta] Optuna tuning (38.3s, mem=5.12 GB)
2026-04-05 23:05:23,808 | INFO | ▸ [05_SBERT+Meta] Train LambdaMART ...
2026-04-05 23:05:25,784 | INFO | Best iteration: 12
2026-04-05 23:05:25,784 | INFO | Feature importance:
2026-04-05 23:05:25,784 | INFO |   sbert_full: 4711.11
2026-04-05 23:05:25,784 | INFO |   feat_time: 3865.22
2026-04-05 23:05:25,784 | INFO |   sbert_gemma_full: 2292.13
2026-04-05 23:05:25,784 | INFO |   sbert_gemma_nl: 2059.07
2026-04-05 23:05:25,784 | INFO |   feat_time_dir: 1210.44
2026-04-05 23:05:25,784 | INFO |   sbert_gemma_title: 229.30
2026-04-05 23:05:25,785 | INFO |   sbert_title: 225.91
2026-04-05 23:05:25,785 | INFO |   feat_file_bn_jaccard: 200.95
2026-04-05 23:05:25,785 | INFO |   sbert_nl: 84.73
2026-04-05 23:05:25,785 | INFO |   feat_desc_len: 78.23
2026-04-05 23:05:25,785 | INFO |   feat_nfiles: 12.90
2026-04-05 23:05:25,785 | INFO |   feat_diff_size: 0.00
2026-04-05 23:05:25,785 | INFO |   ✓ [05_SBERT+Meta] Train LambdaMART (2.0s, mem=5.12 GB)
2026-04-05 23:05:39,732 | INFO |   Known-K: P=64.84, R=64.84, F1=64.84
2026-04-05 23:05:39,732 | INFO |   ABS-mm:  P=64.21, R=67.75, F1=58.94
2026-04-05 23:05:39,732 | INFO |   REL:     P=63.05, R=68.32, F1=56.57
2026-04-05 23:05:39,737 | INFO | 
============================================================
2026-04-05 23:05:39,737 | INFO |   ABLATION: 06_SBERT+SVD (11 features)
2026-04-05 23:05:39,737 | INFO |   Features: ['sbert_full', 'sbert_nl', 'sbert_title', 'sbert_gemma_full', 'sbert_gemma_nl', 'sbert_gemma_title', 'svd_full', 'svd_code', 'svd_nl', 'svd_title', 'svd_gemma']
2026-04-05 23:05:39,737 | INFO | ============================================================
2026-04-05 23:05:39,793 | INFO | Train groups=195, Dev=48, Test=62
2026-04-05 23:05:39,793 | INFO | ▸ [06_SBERT+SVD] Optuna tuning ...
2026-04-05 23:06:24,353 | INFO | Best NDCG@1=0.7292
2026-04-05 23:06:24,354 | INFO |   ✓ [06_SBERT+SVD] Optuna tuning (44.6s, mem=5.12 GB)
2026-04-05 23:06:24,354 | INFO | ▸ [06_SBERT+SVD] Train LambdaMART ...
2026-04-05 23:06:27,150 | INFO | Best iteration: 44
2026-04-05 23:06:27,151 | INFO | Feature importance:
2026-04-05 23:06:27,151 | INFO |   svd_full: 13856.60
2026-04-05 23:06:27,151 | INFO |   sbert_full: 8771.65
2026-04-05 23:06:27,151 | INFO |   svd_gemma: 6527.35
2026-04-05 23:06:27,151 | INFO |   sbert_gemma_full: 2559.22
2026-04-05 23:06:27,151 | INFO |   sbert_gemma_nl: 2314.81
2026-04-05 23:06:27,151 | INFO |   svd_code: 2041.22
2026-04-05 23:06:27,151 | INFO |   sbert_gemma_title: 1249.08
2026-04-05 23:06:27,151 | INFO |   svd_nl: 876.98
2026-04-05 23:06:27,152 | INFO |   sbert_title: 801.48
2026-04-05 23:06:27,152 | INFO |   sbert_nl: 757.29
2026-04-05 23:06:27,152 | INFO |   svd_title: 660.68
2026-04-05 23:06:27,152 | INFO |   ✓ [06_SBERT+SVD] Train LambdaMART (2.8s, mem=5.12 GB)
2026-04-05 23:06:39,272 | INFO |   Known-K: P=44.93, R=44.93, F1=44.93
2026-04-05 23:06:39,272 | INFO |   ABS-mm:  P=41.62, R=54.82, F1=40.71
2026-04-05 23:06:39,272 | INFO |   REL:     P=42.47, R=51.97, F1=40.98
2026-04-05 23:06:39,277 | INFO | 
============================================================
2026-04-05 23:06:39,277 | INFO |   ABLATION: 07_SBERT+BM25 (11 features)
2026-04-05 23:06:39,277 | INFO |   Features: ['sbert_full', 'sbert_nl', 'sbert_title', 'sbert_gemma_full', 'sbert_gemma_nl', 'sbert_gemma_title', 'bm25_full', 'bm25_code', 'bm25_nl', 'bm25_title', 'bm25_gemma']
2026-04-05 23:06:39,277 | INFO | ============================================================
2026-04-05 23:06:39,407 | INFO | Train groups=195, Dev=48, Test=62
2026-04-05 23:06:39,407 | INFO | ▸ [07_SBERT+BM25] Optuna tuning ...
2026-04-05 23:07:24,216 | INFO | Best NDCG@1=0.7292
2026-04-05 23:07:24,216 | INFO |   ✓ [07_SBERT+BM25] Optuna tuning (44.8s, mem=5.12 GB)
2026-04-05 23:07:24,216 | INFO | ▸ [07_SBERT+BM25] Train LambdaMART ...
2026-04-05 23:07:27,168 | INFO | Best iteration: 31
2026-04-05 23:07:27,168 | INFO | Feature importance:
2026-04-05 23:07:27,168 | INFO |   sbert_full: 3889.87
2026-04-05 23:07:27,168 | INFO |   sbert_gemma_full: 1805.79
2026-04-05 23:07:27,168 | INFO |   sbert_gemma_nl: 1491.33
2026-04-05 23:07:27,168 | INFO |   sbert_gemma_title: 898.48
2026-04-05 23:07:27,168 | INFO |   bm25_title: 790.59
2026-04-05 23:07:27,168 | INFO |   bm25_gemma: 673.84
2026-04-05 23:07:27,168 | INFO |   sbert_title: 516.11
2026-04-05 23:07:27,168 | INFO |   sbert_nl: 507.55
2026-04-05 23:07:27,168 | INFO |   bm25_full: 472.02
2026-04-05 23:07:27,168 | INFO |   bm25_nl: 460.17
2026-04-05 23:07:27,169 | INFO |   bm25_code: 393.57
2026-04-05 23:07:27,169 | INFO |   ✓ [07_SBERT+BM25] Train LambdaMART (3.0s, mem=5.12 GB)
2026-04-05 23:07:38,659 | INFO |   Known-K: P=49.59, R=49.59, F1=49.59
2026-04-05 23:07:38,659 | INFO |   ABS-mm:  P=58.47, R=46.88, F1=45.11
2026-04-05 23:07:38,659 | INFO |   REL:     P=51.9, R=44.49, F1=40.5
2026-04-05 23:07:38,664 | INFO | 
============================================================
2026-04-05 23:07:38,664 | INFO |   ABLATION: 08_SBERT+SVD+Meta (17 features)
2026-04-05 23:07:38,664 | INFO |   Features: ['sbert_full', 'sbert_nl', 'sbert_title', 'sbert_gemma_full', 'sbert_gemma_nl', 'sbert_gemma_title', 'svd_full', 'svd_code', 'svd_nl', 'svd_title', 'svd_gemma', 'feat_time', 'feat_time_dir', 'feat_file_bn_jaccard', 'feat_diff_size', 'feat_nfiles', 'feat_desc_len']
2026-04-05 23:07:38,664 | INFO | ============================================================
2026-04-05 23:07:38,724 | INFO | Train groups=195, Dev=48, Test=62
2026-04-05 23:07:38,724 | INFO | ▸ [08_SBERT+SVD+Meta] Optuna tuning ...
2026-04-05 23:08:18,260 | INFO | Best NDCG@1=0.8542
2026-04-05 23:08:18,260 | INFO |   ✓ [08_SBERT+SVD+Meta] Optuna tuning (39.5s, mem=5.12 GB)
2026-04-05 23:08:18,260 | INFO | ▸ [08_SBERT+SVD+Meta] Train LambdaMART ...
2026-04-05 23:08:20,567 | INFO | Best iteration: 18
2026-04-05 23:08:20,568 | INFO | Feature importance:
2026-04-05 23:08:20,568 | INFO |   svd_full: 8112.61
2026-04-05 23:08:20,568 | INFO |   sbert_full: 4066.42
2026-04-05 23:08:20,568 | INFO |   feat_time: 3988.09
2026-04-05 23:08:20,568 | INFO |   svd_gemma: 2462.53
2026-04-05 23:08:20,568 | INFO |   sbert_gemma_full: 1604.31
2026-04-05 23:08:20,568 | INFO |   feat_time_dir: 1330.80
2026-04-05 23:08:20,568 | INFO |   svd_code: 393.33
2026-04-05 23:08:20,568 | INFO |   sbert_gemma_title: 341.28
2026-04-05 23:08:20,568 | INFO |   sbert_title: 297.07
2026-04-05 23:08:20,568 | INFO |   feat_desc_len: 205.59
2026-04-05 23:08:20,568 | INFO |   feat_file_bn_jaccard: 130.43
2026-04-05 23:08:20,568 | INFO |   svd_nl: 118.09
2026-04-05 23:08:20,568 | INFO |   sbert_gemma_nl: 103.84
2026-04-05 23:08:20,568 | INFO |   sbert_nl: 98.10
2026-04-05 23:08:20,568 | INFO |   svd_title: 69.33
2026-04-05 23:08:20,568 | INFO |   feat_nfiles: 41.72
2026-04-05 23:08:20,568 | INFO |   feat_diff_size: 0.00
2026-04-05 23:08:20,569 | INFO |   ✓ [08_SBERT+SVD+Meta] Train LambdaMART (2.3s, mem=5.12 GB)
2026-04-05 23:08:29,808 | INFO |   Known-K: P=65.9, R=65.9, F1=65.9
2026-04-05 23:08:29,808 | INFO |   ABS-mm:  P=71.85, R=62.36, F1=63.18
2026-04-05 23:08:29,808 | INFO |   REL:     P=67.33, R=64.67, F1=60.85
2026-04-05 23:08:29,812 | INFO | 
============================================================
2026-04-05 23:08:29,813 | INFO |   ABLATION: 09_SBERT+BM25+Meta (17 features)
2026-04-05 23:08:29,813 | INFO |   Features: ['sbert_full', 'sbert_nl', 'sbert_title', 'sbert_gemma_full', 'sbert_gemma_nl', 'sbert_gemma_title', 'bm25_full', 'bm25_code', 'bm25_nl', 'bm25_title', 'bm25_gemma', 'feat_time', 'feat_time_dir', 'feat_file_bn_jaccard', 'feat_diff_size', 'feat_nfiles', 'feat_desc_len']
2026-04-05 23:08:29,813 | INFO | ============================================================
2026-04-05 23:08:29,866 | INFO | Train groups=195, Dev=48, Test=62
2026-04-05 23:08:29,866 | INFO | ▸ [09_SBERT+BM25+Meta] Optuna tuning ...
2026-04-05 23:09:07,901 | INFO | Best NDCG@1=0.8750
2026-04-05 23:09:07,902 | INFO |   ✓ [09_SBERT+BM25+Meta] Optuna tuning (38.0s, mem=5.12 GB)
2026-04-05 23:09:07,902 | INFO | ▸ [09_SBERT+BM25+Meta] Train LambdaMART ...
2026-04-05 23:09:09,921 | INFO | Best iteration: 18
2026-04-05 23:09:09,921 | INFO | Feature importance:
2026-04-05 23:09:09,921 | INFO |   feat_time: 8009.63
2026-04-05 23:09:09,921 | INFO |   sbert_full: 7736.78
2026-04-05 23:09:09,922 | INFO |   sbert_gemma_full: 3436.08
2026-04-05 23:09:09,922 | INFO |   sbert_gemma_nl: 2389.78
2026-04-05 23:09:09,922 | INFO |   feat_time_dir: 1765.46
2026-04-05 23:09:09,922 | INFO |   bm25_title: 937.91
2026-04-05 23:09:09,922 | INFO |   sbert_title: 421.19
2026-04-05 23:09:09,922 | INFO |   feat_file_bn_jaccard: 251.01
2026-04-05 23:09:09,922 | INFO |   sbert_gemma_title: 240.11
2026-04-05 23:09:09,922 | INFO |   bm25_full: 214.42
2026-04-05 23:09:09,922 | INFO |   bm25_gemma: 138.51
2026-04-05 23:09:09,922 | INFO |   bm25_nl: 92.91
2026-04-05 23:09:09,922 | INFO |   bm25_code: 79.41
2026-04-05 23:09:09,922 | INFO |   feat_desc_len: 43.69
2026-04-05 23:09:09,922 | INFO |   sbert_nl: 29.72
2026-04-05 23:09:09,922 | INFO |   feat_nfiles: 9.50
2026-04-05 23:09:09,922 | INFO |   feat_diff_size: 0.00
2026-04-05 23:09:09,922 | INFO |   ✓ [09_SBERT+BM25+Meta] Train LambdaMART (2.0s, mem=5.12 GB)
2026-04-05 23:09:20,263 | INFO |   Known-K: P=71.22, R=71.22, F1=71.22
2026-04-05 23:09:20,263 | INFO |   ABS-mm:  P=77.31, R=61.47, F1=62.75
2026-04-05 23:09:20,263 | INFO |   REL:     P=69.63, R=62.23, F1=58.57
2026-04-05 23:09:20,270 | INFO | 
============================================================
2026-04-05 23:09:20,270 | INFO |   ABLATION: 10_SVD+BM25+Meta (16 features)
2026-04-05 23:09:20,270 | INFO |   Features: ['svd_full', 'svd_code', 'svd_nl', 'svd_title', 'svd_gemma', 'bm25_full', 'bm25_code', 'bm25_nl', 'bm25_title', 'bm25_gemma', 'feat_time', 'feat_time_dir', 'feat_file_bn_jaccard', 'feat_diff_size', 'feat_nfiles', 'feat_desc_len']
2026-04-05 23:09:20,270 | INFO | ============================================================
2026-04-05 23:09:20,339 | INFO | Train groups=195, Dev=48, Test=62
2026-04-05 23:09:20,339 | INFO | ▸ [10_SVD+BM25+Meta] Optuna tuning ...
2026-04-05 23:09:59,517 | INFO | Best NDCG@1=0.7917
2026-04-05 23:09:59,517 | INFO |   ✓ [10_SVD+BM25+Meta] Optuna tuning (39.2s, mem=5.12 GB)
2026-04-05 23:09:59,517 | INFO | ▸ [10_SVD+BM25+Meta] Train LambdaMART ...
2026-04-05 23:10:01,633 | INFO | Best iteration: 19
2026-04-05 23:10:01,634 | INFO | Feature importance:
2026-04-05 23:10:01,634 | INFO |   svd_full: 20929.67
2026-04-05 23:10:01,634 | INFO |   feat_time: 5605.33
2026-04-05 23:10:01,634 | INFO |   feat_time_dir: 3292.39
2026-04-05 23:10:01,634 | INFO |   svd_gemma: 2354.29
2026-04-05 23:10:01,634 | INFO |   bm25_title: 1210.56
2026-04-05 23:10:01,634 | INFO |   svd_code: 128.28
2026-04-05 23:10:01,634 | INFO |   bm25_gemma: 119.60
2026-04-05 23:10:01,634 | INFO |   bm25_full: 55.16
2026-04-05 23:10:01,634 | INFO |   feat_desc_len: 50.47
2026-04-05 23:10:01,634 | INFO |   svd_nl: 44.79
2026-04-05 23:10:01,634 | INFO |   bm25_nl: 43.75
2026-04-05 23:10:01,634 | INFO |   feat_nfiles: 43.51
2026-04-05 23:10:01,634 | INFO |   bm25_code: 23.48
2026-04-05 23:10:01,634 | INFO |   svd_title: 16.72
2026-04-05 23:10:01,634 | INFO |   feat_file_bn_jaccard: 12.53
2026-04-05 23:10:01,634 | INFO |   feat_diff_size: 0.00
2026-04-05 23:10:01,634 | INFO |   ✓ [10_SVD+BM25+Meta] Train LambdaMART (2.1s, mem=5.12 GB)
2026-04-05 23:10:03,751 | INFO |   Known-K: P=62.74, R=62.74, F1=62.74
2026-04-05 23:10:03,751 | INFO |   ABS-mm:  P=55.99, R=68.82, F1=57.8
2026-04-05 23:10:03,751 | INFO |   REL:     P=55.99, R=65.68, F1=56.77
2026-04-05 23:10:03,754 | INFO | 
============================================================
2026-04-05 23:10:03,755 | INFO |   ABLATION: 11_SBERT+SVD+BM25 (16 features)
2026-04-05 23:10:03,755 | INFO |   Features: ['sbert_full', 'sbert_nl', 'sbert_title', 'sbert_gemma_full', 'sbert_gemma_nl', 'sbert_gemma_title', 'svd_full', 'svd_code', 'svd_nl', 'svd_title', 'svd_gemma', 'bm25_full', 'bm25_code', 'bm25_nl', 'bm25_title', 'bm25_gemma']
2026-04-05 23:10:03,755 | INFO | ============================================================
2026-04-05 23:10:03,823 | INFO | Train groups=195, Dev=48, Test=62
2026-04-05 23:10:03,823 | INFO | ▸ [11_SBERT+SVD+BM25] Optuna tuning ...
2026-04-05 23:10:48,991 | INFO | Best NDCG@1=0.7292
2026-04-05 23:10:48,991 | INFO |   ✓ [11_SBERT+SVD+BM25] Optuna tuning (45.2s, mem=5.12 GB)
2026-04-05 23:10:48,991 | INFO | ▸ [11_SBERT+SVD+BM25] Train LambdaMART ...
2026-04-05 23:10:51,665 | INFO | Best iteration: 13
2026-04-05 23:10:51,665 | INFO | Feature importance:
2026-04-05 23:10:51,665 | INFO |   svd_full: 20398.13
2026-04-05 23:10:51,665 | INFO |   svd_gemma: 3877.38
2026-04-05 23:10:51,665 | INFO |   sbert_full: 3116.91
2026-04-05 23:10:51,665 | INFO |   bm25_title: 1873.50
2026-04-05 23:10:51,665 | INFO |   sbert_gemma_nl: 1229.83
2026-04-05 23:10:51,665 | INFO |   sbert_title: 430.84
2026-04-05 23:10:51,665 | INFO |   bm25_gemma: 405.73
2026-04-05 23:10:51,665 | INFO |   svd_code: 384.65
2026-04-05 23:10:51,665 | INFO |   bm25_nl: 349.12
2026-04-05 23:10:51,665 | INFO |   sbert_gemma_title: 339.96
2026-04-05 23:10:51,665 | INFO |   bm25_code: 296.54
2026-04-05 23:10:51,665 | INFO |   svd_nl: 281.65
2026-04-05 23:10:51,665 | INFO |   sbert_gemma_full: 243.90
2026-04-05 23:10:51,665 | INFO |   bm25_full: 220.62
2026-04-05 23:10:51,665 | INFO |   sbert_nl: 217.76
2026-04-05 23:10:51,665 | INFO |   svd_title: 88.16
2026-04-05 23:10:51,666 | INFO |   ✓ [11_SBERT+SVD+BM25] Train LambdaMART (2.7s, mem=5.12 GB)
2026-04-05 23:11:04,821 | INFO |   Known-K: P=49.79, R=49.79, F1=49.79
2026-04-05 23:11:04,821 | INFO |   ABS-mm:  P=46.65, R=57.22, F1=45.61
2026-04-05 23:11:04,821 | INFO |   REL:     P=47.79, R=53.86, F1=45.15
2026-04-05 23:11:04,826 | INFO | 
============================================================
2026-04-05 23:11:04,826 | INFO |   ABLATION: 12_ALL_v6 (22 features)
2026-04-05 23:11:04,826 | INFO |   Features: ['svd_full', 'svd_code', 'svd_nl', 'svd_title', 'svd_gemma', 'sbert_full', 'sbert_nl', 'sbert_title', 'sbert_gemma_full', 'sbert_gemma_nl', 'sbert_gemma_title', 'bm25_full', 'bm25_code', 'bm25_nl', 'bm25_title', 'bm25_gemma', 'feat_time', 'feat_time_dir', 'feat_file_bn_jaccard', 'feat_diff_size', 'feat_nfiles', 'feat_desc_len']
2026-04-05 23:11:04,826 | INFO | ============================================================
2026-04-05 23:11:04,886 | INFO | Train groups=195, Dev=48, Test=62
2026-04-05 23:11:04,887 | INFO | ▸ [12_ALL_v6] Optuna tuning ...
2026-04-05 23:11:47,333 | INFO | Best NDCG@1=0.8542
2026-04-05 23:11:47,333 | INFO |   ✓ [12_ALL_v6] Optuna tuning (42.4s, mem=5.12 GB)
2026-04-05 23:11:47,333 | INFO | ▸ [12_ALL_v6] Train LambdaMART ...
2026-04-05 23:11:50,559 | INFO | Best iteration: 48
2026-04-05 23:11:50,559 | INFO | Feature importance:
2026-04-05 23:11:50,559 | INFO |   feat_time: 3077.28
2026-04-05 23:11:50,559 | INFO |   svd_full: 2837.08
2026-04-05 23:11:50,559 | INFO |   sbert_full: 1245.81
2026-04-05 23:11:50,559 | INFO |   feat_time_dir: 921.67
2026-04-05 23:11:50,559 | INFO |   svd_gemma: 519.02
2026-04-05 23:11:50,559 | INFO |   bm25_title: 346.81
2026-04-05 23:11:50,559 | INFO |   svd_code: 293.89
2026-04-05 23:11:50,559 | INFO |   sbert_gemma_full: 247.56
2026-04-05 23:11:50,559 | INFO |   sbert_gemma_nl: 237.98
2026-04-05 23:11:50,559 | INFO |   sbert_gemma_title: 237.19
2026-04-05 23:11:50,559 | INFO |   feat_desc_len: 205.94
2026-04-05 23:11:50,559 | INFO |   sbert_title: 133.31
2026-04-05 23:11:50,559 | INFO |   svd_nl: 121.92
2026-04-05 23:11:50,560 | INFO |   sbert_nl: 121.57
2026-04-05 23:11:50,560 | INFO |   bm25_gemma: 110.21
2026-04-05 23:11:50,560 | INFO |   svd_title: 106.56
2026-04-05 23:11:50,560 | INFO |   bm25_full: 102.96
2026-04-05 23:11:50,560 | INFO |   bm25_nl: 85.26
2026-04-05 23:11:50,560 | INFO |   feat_nfiles: 65.60
2026-04-05 23:11:50,560 | INFO |   bm25_code: 45.37
2026-04-05 23:11:50,560 | INFO |   feat_file_bn_jaccard: 33.80
2026-04-05 23:11:50,560 | INFO |   feat_diff_size: 0.00
2026-04-05 23:11:50,560 | INFO |   ✓ [12_ALL_v6] Train LambdaMART (3.2s, mem=5.12 GB)
2026-04-05 23:12:00,638 | INFO |   Known-K: P=70.05, R=70.05, F1=70.05
2026-04-05 23:12:00,638 | INFO |   ABS-mm:  P=73.23, R=72.35, F1=68.22
2026-04-05 23:12:00,638 | INFO |   REL:     P=66.57, R=70.83, F1=64.19
